[debug] [2020-05-24T07:50:28.270Z] ----------------------------------------------------------------------
[debug] [2020-05-24T07:50:28.273Z] Command:       C:\Program Files\nodejs\node.exe C:\Users\user\AppData\Roaming\npm\node_modules\firebase-tools\lib\bin\firebase.js serve --only host
[debug] [2020-05-24T07:50:28.273Z] CLI Version:   8.1.1
[debug] [2020-05-24T07:50:28.273Z] Platform:      win32
[debug] [2020-05-24T07:50:28.274Z] Node Version:  v10.15.3
[debug] [2020-05-24T07:50:28.277Z] Time:          Sun May 24 2020 16:50:28 GMT+0900 (GMT+09:00)
[debug] [2020-05-24T07:50:28.277Z] ----------------------------------------------------------------------
[debug] [2020-05-24T07:50:28.277Z] 
[warn] !  No Firebase project directory detected. Serving static content from C:\JS\vue_hw
[debug] [2020-05-24T07:50:28.778Z] TypeError: Cannot read property 'has' of undefined
    at C:\Users\user\AppData\Roaming\npm\node_modules\firebase-tools\lib\filterTargets.js:6:31
    at Array.filter (<anonymous>)
    at module.exports (C:\Users\user\AppData\Roaming\npm\node_modules\firebase-tools\lib\filterTargets.js:5:32)
    at Command.module.exports.Command.description.option.option.option.option.before.action [as actionFn] (C:\Users\user\AppData\Roaming\npm\node_modules\firebase-tools\lib\commands\serve.js:58:23)
    at Command.<anonymous> (C:\Users\user\AppData\Roaming\npm\node_modules\firebase-tools\lib\command.js:161:25)
    at Generator.next (<anonymous>)
    at fulfilled (C:\Users\user\AppData\Roaming\npm\node_modules\firebase-tools\lib\command.js:5:58)
    at process._tickCallback (internal/process/next_tick.js:68:7)
    at Function.Module.runMain (internal/modules/cjs/loader.js:757:11)
    at startup (internal/bootstrap/node.js:283:19)
    at bootstrapNodeJSCore (internal/bootstrap/node.js:622:3)
[error] 
[error] Error: An unexpected error has occurred.
